TYPE = constant
SWEEP = false
POPSIZE = 1000
NB_SAMPLES = 100
REP = 1
ALL = true
ADD = 
neutral
constant
fin : 11
r : 1
Total number of variant sites pre adding neutral mutations : 0
Total number of variant sites post adding neutral mutations : 6063
Total number of variant sites pre adding neutral mutations : 0
Total number of variant sites post adding neutral mutations : 6176
Total number of variant sites pre adding neutral mutations : 0
Total number of variant sites post adding neutral mutations : 6158
Total number of variant sites pre adding neutral mutations : 0
Total number of variant sites post adding neutral mutations : 5717
r : 2
Total number of variant sites pre adding neutral mutations : 0
Total number of variant sites post adding neutral mutations : 5856
Total number of variant sites pre adding neutral mutations : 0
Total number of variant sites post adding neutral mutations : 5936
Total number of variant sites pre adding neutral mutations : 0
Total number of variant sites post adding neutral mutations : 6044
Total number of variant sites pre adding neutral mutations : 0
Total number of variant sites post adding neutral mutations : 5853
r : 3
Total number of variant sites pre adding neutral mutations : 0
Total number of variant sites post adding neutral mutations : 5735
Total number of variant sites pre adding neutral mutations : 0
Total number of variant sites post adding neutral mutations : 6162
Total number of variant sites pre adding neutral mutations : 0
Total number of variant sites post adding neutral mutations : 6105
Total number of variant sites pre adding neutral mutations : 0
Total number of variant sites post adding neutral mutations : 6335
r : 4
Total number of variant sites pre adding neutral mutations : 0
Total number of variant sites post adding neutral mutations : 5785
Total number of variant sites pre adding neutral mutations : 0
Total number of variant sites post adding neutral mutations : 6006
Total number of variant sites pre adding neutral mutations : 0
Total number of variant sites post adding neutral mutations : 6281
Total number of variant sites pre adding neutral mutations : 0
Total number of variant sites post adding neutral mutations : 5919
r : 5
Total number of variant sites pre adding neutral mutations : 0
Total number of variant sites post adding neutral mutations : 6129
Total number of variant sites pre adding neutral mutations : 0
Total number of variant sites post adding neutral mutations : 5927
Total number of variant sites pre adding neutral mutations : 0
Total number of variant sites post adding neutral mutations : 6169
Total number of variant sites pre adding neutral mutations : 0
Total number of variant sites post adding neutral mutations : 6085
r : 6
Total number of variant sites pre adding neutral mutations : 0
Total number of variant sites post adding neutral mutations : 5851
Total number of variant sites pre adding neutral mutations : 0
Total number of variant sites post adding neutral mutations : 5995
Total number of variant sites pre adding neutral mutations : 0
Total number of variant sites post adding neutral mutations : 5701
Total number of variant sites pre adding neutral mutations : 0
Total number of variant sites post adding neutral mutations : 6149
r : 7
Total number of variant sites pre adding neutral mutations : 0
Total number of variant sites post adding neutral mutations : 6013
Total number of variant sites pre adding neutral mutations : 0
Total number of variant sites post adding neutral mutations : 5806
Total number of variant sites pre adding neutral mutations : 0
Total number of variant sites post adding neutral mutations : 5408
Total number of variant sites pre adding neutral mutations : 0
Total number of variant sites post adding neutral mutations : 5926
r : 8
Total number of variant sites pre adding neutral mutations : 0
Total number of variant sites post adding neutral mutations : 5886
Total number of variant sites pre adding neutral mutations : 0
Total number of variant sites post adding neutral mutations : 6149
Total number of variant sites pre adding neutral mutations : 0
Total number of variant sites post adding neutral mutations : 5689
Total number of variant sites pre adding neutral mutations : 0
Total number of variant sites post adding neutral mutations : 5980
r : 9
Total number of variant sites pre adding neutral mutations : 0
Total number of variant sites post adding neutral mutations : 5901
Total number of variant sites pre adding neutral mutations : 0
Total number of variant sites post adding neutral mutations : 5742
Total number of variant sites pre adding neutral mutations : 0
Total number of variant sites post adding neutral mutations : 6049
Total number of variant sites pre adding neutral mutations : 0
Total number of variant sites post adding neutral mutations : 6274
r : 10
Total number of variant sites pre adding neutral mutations : 0
Total number of variant sites post adding neutral mutations : 6069
Total number of variant sites pre adding neutral mutations : 0
Total number of variant sites post adding neutral mutations : 5740
Total number of variant sites pre adding neutral mutations : 0
Total number of variant sites post adding neutral mutations : 5911
Total number of variant sites pre adding neutral mutations : 0
Total number of variant sites post adding neutral mutations : 6200
r : 11
Total number of variant sites pre adding neutral mutations : 0
Total number of variant sites post adding neutral mutations : 6081
Total number of variant sites pre adding neutral mutations : 0
Total number of variant sites post adding neutral mutations : 6292
Total number of variant sites pre adding neutral mutations : 0
Total number of variant sites post adding neutral mutations : 5874
Total number of variant sites pre adding neutral mutations : 0
Total number of variant sites post adding neutral mutations : 5822
