TYPE = constant
SWEEP = true
POPSIZE = 1000
NB_SAMPLES = 100
REP = 1
ALL = true
ADD = 
sweep
constant
fin : 11
r : 1
Total number of variant sites pre adding neutral mutations : 1
Total number of variant sites post adding neutral mutations : 5882
Total number of variant sites pre adding neutral mutations : 1
Total number of variant sites post adding neutral mutations : 6066
Total number of variant sites pre adding neutral mutations : 1
Total number of variant sites post adding neutral mutations : 6512
Total number of variant sites pre adding neutral mutations : 1
Total number of variant sites post adding neutral mutations : 6311
r : 2
Total number of variant sites pre adding neutral mutations : 1
Total number of variant sites post adding neutral mutations : 6000
Total number of variant sites pre adding neutral mutations : 1
Total number of variant sites post adding neutral mutations : 5711
Total number of variant sites pre adding neutral mutations : 1
Total number of variant sites post adding neutral mutations : 6091
Total number of variant sites pre adding neutral mutations : 1
Total number of variant sites post adding neutral mutations : 5694
r : 3
Total number of variant sites pre adding neutral mutations : 1
Total number of variant sites post adding neutral mutations : 6041
Total number of variant sites pre adding neutral mutations : 1
Total number of variant sites post adding neutral mutations : 6102
Total number of variant sites pre adding neutral mutations : 1
Total number of variant sites post adding neutral mutations : 6053
Total number of variant sites pre adding neutral mutations : 1
Total number of variant sites post adding neutral mutations : 6272
r : 4
Total number of variant sites pre adding neutral mutations : 1
Total number of variant sites post adding neutral mutations : 6033
Total number of variant sites pre adding neutral mutations : 1
Total number of variant sites post adding neutral mutations : 6289
Total number of variant sites pre adding neutral mutations : 1
Total number of variant sites post adding neutral mutations : 5829
Total number of variant sites pre adding neutral mutations : 1
Total number of variant sites post adding neutral mutations : 5328
r : 5
Total number of variant sites pre adding neutral mutations : 1
Total number of variant sites post adding neutral mutations : 5833
Total number of variant sites pre adding neutral mutations : 1
Total number of variant sites post adding neutral mutations : 6074
Total number of variant sites pre adding neutral mutations : 1
Total number of variant sites post adding neutral mutations : 6137
Total number of variant sites pre adding neutral mutations : 1
Total number of variant sites post adding neutral mutations : 5285
r : 6
Total number of variant sites pre adding neutral mutations : 1
Total number of variant sites post adding neutral mutations : 5741
Total number of variant sites pre adding neutral mutations : 1
Total number of variant sites post adding neutral mutations : 5957
Total number of variant sites pre adding neutral mutations : 1
Total number of variant sites post adding neutral mutations : 5721
Total number of variant sites pre adding neutral mutations : 1
Total number of variant sites post adding neutral mutations : 5993
r : 7
Total number of variant sites pre adding neutral mutations : 1
Total number of variant sites post adding neutral mutations : 5678
Total number of variant sites pre adding neutral mutations : 1
Total number of variant sites post adding neutral mutations : 5891
Total number of variant sites pre adding neutral mutations : 1
Total number of variant sites post adding neutral mutations : 5700
Total number of variant sites pre adding neutral mutations : 1
Total number of variant sites post adding neutral mutations : 5445
r : 8
Total number of variant sites pre adding neutral mutations : 1
Total number of variant sites post adding neutral mutations : 5808
Total number of variant sites pre adding neutral mutations : 1
Total number of variant sites post adding neutral mutations : 5946
Total number of variant sites pre adding neutral mutations : 1
Total number of variant sites post adding neutral mutations : 5635
Total number of variant sites pre adding neutral mutations : 1
Total number of variant sites post adding neutral mutations : 5726
r : 9
Total number of variant sites pre adding neutral mutations : 1
Total number of variant sites post adding neutral mutations : 6127
Total number of variant sites pre adding neutral mutations : 1
Total number of variant sites post adding neutral mutations : 6045
Total number of variant sites pre adding neutral mutations : 1
Total number of variant sites post adding neutral mutations : 5828
Total number of variant sites pre adding neutral mutations : 1
Total number of variant sites post adding neutral mutations : 5532
r : 10
Total number of variant sites pre adding neutral mutations : 1
Total number of variant sites post adding neutral mutations : 5762
Total number of variant sites pre adding neutral mutations : 1
Total number of variant sites post adding neutral mutations : 5693
Total number of variant sites pre adding neutral mutations : 1
Total number of variant sites post adding neutral mutations : 5599
Total number of variant sites pre adding neutral mutations : 1
Total number of variant sites post adding neutral mutations : 5639
r : 11
Total number of variant sites pre adding neutral mutations : 1
Total number of variant sites post adding neutral mutations : 5737
Total number of variant sites pre adding neutral mutations : 1
Total number of variant sites post adding neutral mutations : 5957
Total number of variant sites pre adding neutral mutations : 1
Total number of variant sites post adding neutral mutations : 5765
Total number of variant sites pre adding neutral mutations : 1
Total number of variant sites post adding neutral mutations : 6269
