TYPE = constant
SWEEP = true
POPSIZE = 100
NB_SAMPLES = 10
REP = 1
sweep
constant
fin : 1
r : 1
ERROR (EidosSymbolTable::_GetValue): undefined identifier m2.

Error on script line 62, character 28:

   target.addNewDrawnMutation(m2, 500000);
                              ^^
Traceback (most recent call last):
  File "/shared/ifbstor1/projects/inferscerevol/lenora/Stage_BioInfo_2526/src/slimulations/tree_to_vcf.py", line 34, in <module>
    full_tree = tskit.load(f"./{out_dir}/ts_{replicatenumber}_{generationmitoses}.trees") # to change, also need to not supress the tree file before calling this file
                ^^^^^^^^^^^^^^^^^^^^^^^^^^^^^^^^^^^^^^^^^^^^^^^^^^^^^^^^^^^^^^^^^^^^^^^^^
  File "/shared/home/lbuggenhoudt/.local/lib/python3.12/site-packages/tskit/trees.py", line 3413, in load
    return TreeSequence.load(
           ^^^^^^^^^^^^^^^^^^
  File "/shared/home/lbuggenhoudt/.local/lib/python3.12/site-packages/tskit/trees.py", line 4208, in load
    file, local_file = util.convert_file_like_to_open_file(file_or_path, "rb")
                       ^^^^^^^^^^^^^^^^^^^^^^^^^^^^^^^^^^^^^^^^^^^^^^^^^^^^^^^
  File "/shared/home/lbuggenhoudt/.local/lib/python3.12/site-packages/tskit/util.py", line 789, in convert_file_like_to_open_file
    _file = open(path, mode)
            ^^^^^^^^^^^^^^^^
FileNotFoundError: [Errno 2] No such file or directory: './results/sweep/constant/ts_1_1.trees'
ERROR (EidosSymbolTable::_GetValue): undefined identifier m2.

Error on script line 62, character 28:

   target.addNewDrawnMutation(m2, 500000);
                              ^^
Traceback (most recent call last):
  File "/shared/ifbstor1/projects/inferscerevol/lenora/Stage_BioInfo_2526/src/slimulations/tree_to_vcf.py", line 34, in <module>
    full_tree = tskit.load(f"./{out_dir}/ts_{replicatenumber}_{generationmitoses}.trees") # to change, also need to not supress the tree file before calling this file
                ^^^^^^^^^^^^^^^^^^^^^^^^^^^^^^^^^^^^^^^^^^^^^^^^^^^^^^^^^^^^^^^^^^^^^^^^^
  File "/shared/home/lbuggenhoudt/.local/lib/python3.12/site-packages/tskit/trees.py", line 3413, in load
    return TreeSequence.load(
           ^^^^^^^^^^^^^^^^^^
  File "/shared/home/lbuggenhoudt/.local/lib/python3.12/site-packages/tskit/trees.py", line 4208, in load
    file, local_file = util.convert_file_like_to_open_file(file_or_path, "rb")
                       ^^^^^^^^^^^^^^^^^^^^^^^^^^^^^^^^^^^^^^^^^^^^^^^^^^^^^^^
  File "/shared/home/lbuggenhoudt/.local/lib/python3.12/site-packages/tskit/util.py", line 789, in convert_file_like_to_open_file
    _file = open(path, mode)
            ^^^^^^^^^^^^^^^^
FileNotFoundError: [Errno 2] No such file or directory: './results/sweep/constant/ts_1_10.trees'
ERROR (EidosSymbolTable::_GetValue): undefined identifier m2.

Error on script line 62, character 28:

   target.addNewDrawnMutation(m2, 500000);
                              ^^
Traceback (most recent call last):
  File "/shared/ifbstor1/projects/inferscerevol/lenora/Stage_BioInfo_2526/src/slimulations/tree_to_vcf.py", line 34, in <module>
    full_tree = tskit.load(f"./{out_dir}/ts_{replicatenumber}_{generationmitoses}.trees") # to change, also need to not supress the tree file before calling this file
                ^^^^^^^^^^^^^^^^^^^^^^^^^^^^^^^^^^^^^^^^^^^^^^^^^^^^^^^^^^^^^^^^^^^^^^^^^
  File "/shared/home/lbuggenhoudt/.local/lib/python3.12/site-packages/tskit/trees.py", line 3413, in load
    return TreeSequence.load(
           ^^^^^^^^^^^^^^^^^^
  File "/shared/home/lbuggenhoudt/.local/lib/python3.12/site-packages/tskit/trees.py", line 4208, in load
    file, local_file = util.convert_file_like_to_open_file(file_or_path, "rb")
                       ^^^^^^^^^^^^^^^^^^^^^^^^^^^^^^^^^^^^^^^^^^^^^^^^^^^^^^^
  File "/shared/home/lbuggenhoudt/.local/lib/python3.12/site-packages/tskit/util.py", line 789, in convert_file_like_to_open_file
    _file = open(path, mode)
            ^^^^^^^^^^^^^^^^
FileNotFoundError: [Errno 2] No such file or directory: './results/sweep/constant/ts_1_50.trees'
ERROR (EidosSymbolTable::_GetValue): undefined identifier m2.

Error on script line 62, character 28:

   target.addNewDrawnMutation(m2, 500000);
                              ^^
Traceback (most recent call last):
  File "/shared/ifbstor1/projects/inferscerevol/lenora/Stage_BioInfo_2526/src/slimulations/tree_to_vcf.py", line 34, in <module>
    full_tree = tskit.load(f"./{out_dir}/ts_{replicatenumber}_{generationmitoses}.trees") # to change, also need to not supress the tree file before calling this file
                ^^^^^^^^^^^^^^^^^^^^^^^^^^^^^^^^^^^^^^^^^^^^^^^^^^^^^^^^^^^^^^^^^^^^^^^^^
  File "/shared/home/lbuggenhoudt/.local/lib/python3.12/site-packages/tskit/trees.py", line 3413, in load
    return TreeSequence.load(
           ^^^^^^^^^^^^^^^^^^
  File "/shared/home/lbuggenhoudt/.local/lib/python3.12/site-packages/tskit/trees.py", line 4208, in load
    file, local_file = util.convert_file_like_to_open_file(file_or_path, "rb")
                       ^^^^^^^^^^^^^^^^^^^^^^^^^^^^^^^^^^^^^^^^^^^^^^^^^^^^^^^
  File "/shared/home/lbuggenhoudt/.local/lib/python3.12/site-packages/tskit/util.py", line 789, in convert_file_like_to_open_file
    _file = open(path, mode)
            ^^^^^^^^^^^^^^^^
FileNotFoundError: [Errno 2] No such file or directory: './results/sweep/constant/ts_1_100.trees'
